{
  "0 debug pnpm:scope": {
    "selected": 1
  },
  "1 debug pnpm": {
    "isCaseSensitive": false,
    "store": "C:\\Users\\Bruno Sala\\.pnpm-store\\2"
  },
  "2 debug pnpm:package-manifest": {
    "initial": {
      "name": "dev03",
      "version": "0.0.0",
      "scripts": {
        "ng": "ng",
        "start": "ng serve",
        "build": "ng build",
        "test": "ng test",
        "lint": "ng lint",
        "e2e": "ng e2e"
      },
      "private": true,
      "dependencies": {
        "@angular/animations": "~9.1.4",
        "@angular/common": "~9.1.4",
        "@angular/compiler": "~9.1.4",
        "@angular/core": "~9.1.4",
        "@angular/forms": "~9.1.4",
        "@angular/platform-browser": "~9.1.4",
        "@angular/platform-browser-dynamic": "~9.1.4",
        "@angular/router": "~9.1.4",
        "@ng-toolkit/universal": "^1.1.51",
        "rxjs": "~6.5.5",
        "tslib": "^1.11.1",
        "zone.js": "~0.10.3"
      },
      "devDependencies": {
        "@angular-devkit/build-angular": "~0.901.4",
        "@angular/cli": "~9.1.4",
        "@angular/compiler-cli": "~9.1.4",
        "@angular/language-service": "~9.1.4",
        "@types/jasmine": "~3.5.10",
        "@types/jasminewd2": "~2.0.8",
        "@types/node": "^12.12.37",
        "codelyzer": "^5.2.2",
        "jasmine-core": "~3.5.0",
        "jasmine-spec-reporter": "~4.2.1",
        "karma": "~5.0.4",
        "karma-chrome-launcher": "~3.1.0",
        "karma-coverage-istanbul-reporter": "~2.1.1",
        "karma-jasmine": "~3.0.3",
        "karma-jasmine-html-reporter": "^1.5.3",
        "protractor": "~5.4.4",
        "ts-node": "~8.3.0",
        "tslint": "~6.1.2",
        "typescript": "~3.8.3"
      }
    },
    "prefix": "C:\\Users\\Bruno Sala\\Documents\\Projects\\dev03"
  },
  "3 debug pnpm:stage": {
    "prefix": "C:\\Users\\Bruno Sala\\Documents\\Projects\\dev03",
    "stage": "resolution_started"
  },
  "4 debug pnpm:_dependency_resolved": {
    "resolution": "registry.npmjs.org/@angular-devkit/build-angular/0.901.4",
    "wanted": {
      "name": "@angular-devkit/build-angular",
      "rawSpec": "~0.901.4"
    }
  },
  "5 debug pnpm:_dependency_resolved": {
    "resolution": "registry.npmjs.org/@angular/cli/9.1.4",
    "wanted": {
      "name": "@angular/cli",
      "rawSpec": "~9.1.4"
    }
  },
  "6 debug pnpm:progress": {
    "packageId": "registry.npmjs.org/@angular/cli/9.1.4",
    "requester": "C:\\Users\\Bruno Sala\\Documents\\Projects\\dev03",
    "status": "resolved"
  },
  "7 debug pnpm:_dependency_resolved": {
    "resolution": "registry.npmjs.org/@angular/compiler-cli/9.1.4",
    "wanted": {
      "name": "@angular/compiler-cli",
      "rawSpec": "~9.1.4"
    }
  },
  "8 debug pnpm:_dependency_resolved": {
    "resolution": "registry.npmjs.org/@types/jasmine/3.5.10",
    "wanted": {
      "name": "@types/jasmine",
      "rawSpec": "~3.5.10"
    }
  },
  "9 debug pnpm:progress": {
    "packageId": "registry.npmjs.org/@types/jasmine/3.5.10",
    "requester": "C:\\Users\\Bruno Sala\\Documents\\Projects\\dev03",
    "status": "resolved"
  },
  "10 debug pnpm:_dependency_resolved": {
    "resolution": "registry.npmjs.org/@angular/language-service/9.1.4",
    "wanted": {
      "name": "@angular/language-service",
      "rawSpec": "~9.1.4"
    }
  },
  "11 debug pnpm:progress": {
    "packageId": "registry.npmjs.org/@angular/language-service/9.1.4",
    "requester": "C:\\Users\\Bruno Sala\\Documents\\Projects\\dev03",
    "status": "resolved"
  },
  "12 debug pnpm:_dependency_resolved": {
    "resolution": "registry.npmjs.org/@types/node/12.12.37",
    "wanted": {
      "name": "@types/node",
      "rawSpec": "^12.12.37"
    }
  },
  "13 debug pnpm:progress": {
    "packageId": "registry.npmjs.org/@types/node/12.12.37",
    "requester": "C:\\Users\\Bruno Sala\\Documents\\Projects\\dev03",
    "status": "resolved"
  },
  "14 debug pnpm:_dependency_resolved": {
    "resolution": "registry.npmjs.org/@types/jasminewd2/2.0.8",
    "wanted": {
      "name": "@types/jasminewd2",
      "rawSpec": "~2.0.8"
    }
  },
  "15 debug pnpm:progress": {
    "packageId": "registry.npmjs.org/@types/jasminewd2/2.0.8",
    "requester": "C:\\Users\\Bruno Sala\\Documents\\Projects\\dev03",
    "status": "resolved"
  },
  "16 debug pnpm:_dependency_resolved": {
    "resolution": "registry.npmjs.org/codelyzer/5.2.2",
    "wanted": {
      "name": "codelyzer",
      "rawSpec": "^5.2.2"
    }
  },
  "17 debug pnpm:_dependency_resolved": {
    "resolution": "registry.npmjs.org/jasmine-spec-reporter/4.2.1",
    "wanted": {
      "name": "jasmine-spec-reporter",
      "rawSpec": "~4.2.1"
    }
  },
  "18 debug pnpm:progress": {
    "packageId": "registry.npmjs.org/jasmine-spec-reporter/4.2.1",
    "requester": "C:\\Users\\Bruno Sala\\Documents\\Projects\\dev03",
    "status": "resolved"
  },
  "19 debug pnpm:_dependency_resolved": {
    "resolution": "registry.npmjs.org/jasmine-core/3.5.0",
    "wanted": {
      "name": "jasmine-core",
      "rawSpec": "~3.5.0"
    }
  },
  "20 debug pnpm:progress": {
    "packageId": "registry.npmjs.org/jasmine-core/3.5.0",
    "requester": "C:\\Users\\Bruno Sala\\Documents\\Projects\\dev03",
    "status": "resolved"
  },
  "21 debug pnpm:_dependency_resolved": {
    "resolution": "registry.npmjs.org/karma/5.0.4",
    "wanted": {
      "name": "karma",
      "rawSpec": "~5.0.4"
    }
  },
  "22 debug pnpm:progress": {
    "packageId": "registry.npmjs.org/karma/5.0.4",
    "requester": "C:\\Users\\Bruno Sala\\Documents\\Projects\\dev03",
    "status": "resolved"
  },
  "23 debug pnpm:_dependency_resolved": {
    "resolution": "registry.npmjs.org/karma-chrome-launcher/3.1.0",
    "wanted": {
      "name": "karma-chrome-launcher",
      "rawSpec": "~3.1.0"
    }
  },
  "24 debug pnpm:progress": {
    "packageId": "registry.npmjs.org/karma-chrome-launcher/3.1.0",
    "requester": "C:\\Users\\Bruno Sala\\Documents\\Projects\\dev03",
    "status": "resolved"
  },
  "25 debug pnpm:_dependency_resolved": {
    "resolution": "registry.npmjs.org/karma-jasmine/3.0.3",
    "wanted": {
      "name": "karma-jasmine",
      "rawSpec": "~3.0.3"
    }
  },
  "26 debug pnpm:_dependency_resolved": {
    "resolution": "registry.npmjs.org/protractor/5.4.4",
    "wanted": {
      "name": "protractor",
      "rawSpec": "~5.4.4"
    }
  },
  "27 debug pnpm:progress": {
    "packageId": "registry.npmjs.org/protractor/5.4.4",
    "requester": "C:\\Users\\Bruno Sala\\Documents\\Projects\\dev03",
    "status": "resolved"
  },
  "28 debug pnpm:_dependency_resolved": {
    "resolution": "registry.npmjs.org/ts-node/8.3.0",
    "wanted": {
      "name": "ts-node",
      "rawSpec": "~8.3.0"
    }
  },
  "29 debug pnpm:_dependency_resolved": {
    "resolution": "registry.npmjs.org/typescript/3.8.3",
    "wanted": {
      "name": "typescript",
      "rawSpec": "~3.8.3"
    }
  },
  "30 debug pnpm:progress": {
    "packageId": "registry.npmjs.org/typescript/3.8.3",
    "requester": "C:\\Users\\Bruno Sala\\Documents\\Projects\\dev03",
    "status": "resolved"
  },
  "31 debug pnpm:_dependency_resolved": {
    "resolution": "registry.npmjs.org/karma-jasmine-html-reporter/1.5.3",
    "wanted": {
      "name": "karma-jasmine-html-reporter",
      "rawSpec": "^1.5.3"
    }
  },
  "32 debug pnpm:_dependency_resolved": {
    "resolution": "registry.npmjs.org/tslint/6.1.2",
    "wanted": {
      "name": "tslint",
      "rawSpec": "~6.1.2"
    }
  },
  "33 debug pnpm:_dependency_resolved": {
    "resolution": "registry.npmjs.org/@angular/animations/9.1.4",
    "wanted": {
      "name": "@angular/animations",
      "rawSpec": "~9.1.4"
    }
  },
  "34 debug pnpm:_dependency_resolved": {
    "resolution": "registry.npmjs.org/@angular/common/9.1.4",
    "wanted": {
      "name": "@angular/common",
      "rawSpec": "~9.1.4"
    }
  },
  "35 debug pnpm:_dependency_resolved": {
    "resolution": "registry.npmjs.org/@angular/compiler/9.1.4",
    "wanted": {
      "name": "@angular/compiler",
      "rawSpec": "~9.1.4"
    }
  },
  "36 debug pnpm:_dependency_resolved": {
    "resolution": "registry.npmjs.org/@angular/core/9.1.4",
    "wanted": {
      "name": "@angular/core",
      "rawSpec": "~9.1.4"
    }
  },
  "37 debug pnpm:_dependency_resolved": {
    "resolution": "registry.npmjs.org/@angular/forms/9.1.4",
    "wanted": {
      "name": "@angular/forms",
      "rawSpec": "~9.1.4"
    }
  },
  "38 debug pnpm:_dependency_resolved": {
    "resolution": "registry.npmjs.org/@angular/platform-browser/9.1.4",
    "wanted": {
      "name": "@angular/platform-browser",
      "rawSpec": "~9.1.4"
    }
  },
  "39 debug pnpm:_dependency_resolved": {
    "resolution": "registry.npmjs.org/rxjs/6.5.5",
    "wanted": {
      "name": "rxjs",
      "rawSpec": "~6.5.5"
    }
  },
  "40 debug pnpm:progress": {
    "packageId": "registry.npmjs.org/rxjs/6.5.5",
    "requester": "C:\\Users\\Bruno Sala\\Documents\\Projects\\dev03",
    "status": "resolved"
  },
  "41 debug pnpm:_dependency_resolved": {
    "resolution": "registry.npmjs.org/@angular/platform-browser-dynamic/9.1.4",
    "wanted": {
      "name": "@angular/platform-browser-dynamic",
      "rawSpec": "~9.1.4"
    }
  },
  "42 debug pnpm:_dependency_resolved": {
    "resolution": "registry.npmjs.org/@angular/router/9.1.4",
    "wanted": {
      "name": "@angular/router",
      "rawSpec": "~9.1.4"
    }
  },
  "43 debug pnpm:_dependency_resolved": {
    "resolution": "registry.npmjs.org/tslib/1.11.1",
    "wanted": {
      "name": "tslib",
      "rawSpec": "^1.11.1"
    }
  },
  "44 debug pnpm:progress": {
    "packageId": "registry.npmjs.org/tslib/1.11.1",
    "requester": "C:\\Users\\Bruno Sala\\Documents\\Projects\\dev03",
    "status": "resolved"
  },
  "45 debug pnpm:_dependency_resolved": {
    "resolution": "registry.npmjs.org/zone.js/0.10.3",
    "wanted": {
      "name": "zone.js",
      "rawSpec": "~0.10.3"
    }
  },
  "46 debug pnpm:progress": {
    "packageId": "registry.npmjs.org/zone.js/0.10.3",
    "requester": "C:\\Users\\Bruno Sala\\Documents\\Projects\\dev03",
    "status": "resolved"
  },
  "47 debug pnpm:_dependency_resolved": {
    "resolution": "registry.npmjs.org/@ng-toolkit/universal/1.1.51",
    "wanted": {
      "name": "@ng-toolkit/universal",
      "rawSpec": "^1.1.51"
    }
  },
  "48 debug pnpm:_dependency_resolved": {
    "resolution": "registry.npmjs.org/karma-coverage-istanbul-reporter/2.1.1",
    "wanted": {
      "name": "karma-coverage-istanbul-reporter",
      "rawSpec": "~2.1.1"
    }
  },
  "49 debug pnpm:progress": {
    "packageId": "registry.npmjs.org/karma-coverage-istanbul-reporter/2.1.1",
    "requester": "C:\\Users\\Bruno Sala\\Documents\\Projects\\dev03",
    "status": "resolved"
  },
  "50 debug pnpm:progress": {
    "packageId": "registry.npmjs.org/@types/jasmine/3.5.10",
    "requester": "C:\\Users\\Bruno Sala\\Documents\\Projects\\dev03",
    "status": "found_in_store"
  },
  "51 debug pnpm:progress": {
    "packageId": "registry.npmjs.org/@types/jasminewd2/2.0.8",
    "requester": "C:\\Users\\Bruno Sala\\Documents\\Projects\\dev03",
    "status": "found_in_store"
  },
  "52 debug pnpm:progress": {
    "packageId": "registry.npmjs.org/@types/node/12.12.37",
    "requester": "C:\\Users\\Bruno Sala\\Documents\\Projects\\dev03",
    "status": "found_in_store"
  },
  "53 debug pnpm:progress": {
    "packageId": "registry.npmjs.org/jasmine-spec-reporter/4.2.1",
    "requester": "C:\\Users\\Bruno Sala\\Documents\\Projects\\dev03",
    "status": "found_in_store"
  },
  "54 debug pnpm:progress": {
    "packageId": "registry.npmjs.org/jasmine-core/3.5.0",
    "requester": "C:\\Users\\Bruno Sala\\Documents\\Projects\\dev03",
    "status": "found_in_store"
  },
  "55 debug pnpm:progress": {
    "packageId": "registry.npmjs.org/karma/5.0.4",
    "requester": "C:\\Users\\Bruno Sala\\Documents\\Projects\\dev03",
    "status": "found_in_store"
  },
  "56 debug pnpm:progress": {
    "packageId": "registry.npmjs.org/karma-chrome-launcher/3.1.0",
    "requester": "C:\\Users\\Bruno Sala\\Documents\\Projects\\dev03",
    "status": "found_in_store"
  },
  "57 debug pnpm:progress": {
    "packageId": "registry.npmjs.org/tslib/1.11.1",
    "requester": "C:\\Users\\Bruno Sala\\Documents\\Projects\\dev03",
    "status": "found_in_store"
  },
  "58 debug pnpm:progress": {
    "packageId": "registry.npmjs.org/karma-coverage-istanbul-reporter/2.1.1",
    "requester": "C:\\Users\\Bruno Sala\\Documents\\Projects\\dev03",
    "status": "found_in_store"
  },
  "59 debug pnpm:progress": {
    "packageId": "registry.npmjs.org/@angular/cli/9.1.4",
    "requester": "C:\\Users\\Bruno Sala\\Documents\\Projects\\dev03",
    "status": "found_in_store"
  },
  "60 debug pnpm:progress": {
    "packageId": "registry.npmjs.org/protractor/5.4.4",
    "requester": "C:\\Users\\Bruno Sala\\Documents\\Projects\\dev03",
    "status": "found_in_store"
  },
  "61 warn pnpm:package-requester": {
    "message": "Refetching C:\\Users\\Bruno Sala\\.pnpm-store\\2\\registry.npmjs.org\\@angular\\animations\\9.1.4 to store. It was either modified or had no integrity checksums",
    "prefix": "C:\\Users\\Bruno Sala\\Documents\\Projects\\dev03"
  },
  "62 error pnpm": {
    "message": {
      "code": "ERR_PNPM_SPEC_NOT_SUPPORTED_BY_ANY_RESOLVER",
      "pkgsStack": []
    },
    "err": {
      "name": "Error",
      "message": "@angular/platform-browser/animations isn't supported by any available resolver.",
      "code": "ERR_PNPM_SPEC_NOT_SUPPORTED_BY_ANY_RESOLVER",
      "stack": "Error: @angular/platform-browser/animations isn't supported by any available resolver.\n    at Object.resolve (C:\\Users\\Bruno Sala\\AppData\\Roaming\\npm\\pnpm-global\\3\\node_modules\\.pnpm\\registry.npmjs.org\\pnpm\\4.14.2\\node_modules\\pnpm\\lib\\node_modules\\@pnpm\\default-resolver\\lib\\index.js:17:19)\n    at async run (C:\\Users\\Bruno Sala\\AppData\\Roaming\\npm\\pnpm-global\\3\\node_modules\\.pnpm\\registry.npmjs.org\\pnpm\\4.14.2\\node_modules\\pnpm\\lib\\node_modules\\p-queue\\dist\\index.js:255:29)"
    }
  }
}